# JRE version: OpenJDK Runtime Environment Temurin-21.0.4+7 (21.0.4+7) (build 21.0.4+7-LTS)
# Java VM: OpenJDK 64-Bit Server VM Temurin-21.0.4+7 (21.0.4+7-LTS, mixed mode, tiered, compressed oops, compressed class ptrs, g1 gc, windows-amd64)
GC Precious Log:
 CardTable entry size: 512
 Card Set container configuration: InlinePtr #cards 4 size 8 Array Of Cards #cards 32 size 80 Howl #buckets 8 coarsen threshold 7372 Howl Bitmap #cards 1024 size 144 coarsen threshold 921 Card regions per heap region 1 cards per card region 8192
 CPUs: 20 total, 20 available
 Memory: 32509M
 Large Page Support: Disabled
 NUMA Support: Disabled
 Compressed Oops: Enabled (Zero based)
 Heap Region Size: 4M
 Heap Min Capacity: 8M
 Heap Initial Capacity: 508M
 Heap Max Capacity: 8128M
 Pre-touch: Disabled
 Parallel Workers: 15
 Concurrent Workers: 4
 Concurrent Refinement Workers: 15
 Periodic GC: Disabled
Heap:
 garbage-first heap   total 49152K, used 27681K [0x0000000604000000, 0x0000000800000000)
  region size 4096K, 4 young (16384K), 1 survivors (4096K)
 Metaspace       used 45480K, committed 46144K, reserved 1114112K
  class space    used 5261K, committed 5568K, reserved 1048576K
GC Heap History (20 events):
Event: 100854.576 GC heap before
{Heap before GC invocations=881 (full 0):
 garbage-first heap   total 49152K, used 35893K [0x0000000604000000, 0x0000000800000000)
  region size 4096K, 5 young (20480K), 1 survivors (4096K)
 Metaspace       used 45480K, committed 46144K, reserved 1114112K
  class space    used 5261K, committed 5568K, reserved 1048576K
}
Event: 100854.579 GC heap after
{Heap after GC invocations=882 (full 0):
 garbage-first heap   total 49152K, used 19477K [0x0000000604000000, 0x0000000800000000)
  region size 4096K, 1 young (4096K), 1 survivors (4096K)
 Metaspace       used 45480K, committed 46144K, reserved 1114112K
  class space    used 5261K, committed 5568K, reserved 1048576K
}
Event: 100968.846 GC heap before
{Heap before GC invocations=882 (full 0):
 garbage-first heap   total 49152K, used 35861K [0x0000000604000000, 0x0000000800000000)
  region size 4096K, 5 young (20480K), 1 survivors (4096K)
 Metaspace       used 45480K, committed 46144K, reserved 1114112K
  class space    used 5261K, committed 5568K, reserved 1048576K
}
Event: 100968.848 GC heap after
{Heap after GC invocations=883 (full 0):
 garbage-first heap   total 49152K, used 19481K [0x0000000604000000, 0x0000000800000000)
  region size 4096K, 1 young (4096K), 1 survivors (4096K)
 Metaspace       used 45480K, committed 46144K, reserved 1114112K
  class space    used 5261K, committed 5568K, reserved 1048576K
}
Event: 101083.039 GC heap before
{Heap before GC invocations=883 (full 0):
 garbage-first heap   total 49152K, used 35865K [0x0000000604000000, 0x0000000800000000)
  region size 4096K, 5 young (20480K), 1 survivors (4096K)
 Metaspace       used 45480K, committed 46144K, reserved 1114112K
  class space    used 5261K, committed 5568K, reserved 1048576K
}
Event: 101083.040 GC heap after
{Heap after GC invocations=884 (full 0):
 garbage-first heap   total 49152K, used 19487K [0x0000000604000000, 0x0000000800000000)
  region size 4096K, 1 young (4096K), 1 survivors (4096K)
 Metaspace       used 45480K, committed 46144K, reserved 1114112K
  class space    used 5261K, committed 5568K, reserved 1048576K
}
Event: 101197.172 GC heap before
{Heap before GC invocations=884 (full 0):
 garbage-first heap   total 49152K, used 35871K [0x0000000604000000, 0x0000000800000000)
  region size 4096K, 5 young (20480K), 1 survivors (4096K)
 Metaspace       used 45480K, committed 46144K, reserved 1114112K
  class space    used 5261K, committed 5568K, reserved 1048576K
}
Event: 101197.174 GC heap after
{Heap after GC invocations=885 (full 0):
 garbage-first heap   total 49152K, used 19497K [0x0000000604000000, 0x0000000800000000)
  region size 4096K, 1 young (4096K), 1 survivors (4096K)
 Metaspace       used 45480K, committed 46144K, reserved 1114112K
  class space    used 5261K, committed 5568K, reserved 1048576K
}
Event: 101311.416 GC heap before
{Heap before GC invocations=885 (full 0):
 garbage-first heap   total 49152K, used 35881K [0x0000000604000000, 0x0000000800000000)
  region size 4096K, 5 young (20480K), 1 survivors (4096K)
 Metaspace       used 45480K, committed 46144K, reserved 1114112K
  class space    used 5261K, committed 5568K, reserved 1048576K
}
Event: 101311.418 GC heap after
{Heap after GC invocations=886 (full 0):
 garbage-first heap   total 49152K, used 19501K [0x0000000604000000, 0x0000000800000000)
  region size 4096K, 1 young (4096K), 1 survivors (4096K)
 Metaspace       used 45480K, committed 46144K, reserved 1114112K
  class space    used 5261K, committed 5568K, reserved 1048576K
}
Event: 101426.044 GC heap before
{Heap before GC invocations=886 (full 0):
 garbage-first heap   total 49152K, used 35885K [0x0000000604000000, 0x0000000800000000)
  region size 4096K, 5 young (20480K), 1 survivors (4096K)
 Metaspace       used 45480K, committed 46144K, reserved 1114112K
  class space    used 5261K, committed 5568K, reserved 1048576K
}
Event: 101426.049 GC heap after
{Heap after GC invocations=887 (full 0):
 garbage-first heap   total 49152K, used 19511K [0x0000000604000000, 0x0000000800000000)
  region size 4096K, 1 young (4096K), 1 survivors (4096K)
 Metaspace       used 45480K, committed 46144K, reserved 1114112K
  class space    used 5261K, committed 5568K, reserved 1048576K
}
Event: 101540.419 GC heap before
{Heap before GC invocations=887 (full 0):
 garbage-first heap   total 49152K, used 35895K [0x0000000604000000, 0x0000000800000000)
  region size 4096K, 5 young (20480K), 1 survivors (4096K)
 Metaspace       used 45480K, committed 46144K, reserved 1114112K
  class space    used 5261K, committed 5568K, reserved 1048576K
}
Event: 101540.424 GC heap after
{Heap after GC invocations=888 (full 0):
 garbage-first heap   total 49152K, used 19513K [0x0000000604000000, 0x0000000800000000)
  region size 4096K, 1 young (4096K), 1 survivors (4096K)
 Metaspace       used 45480K, committed 46144K, reserved 1114112K
  class space    used 5261K, committed 5568K, reserved 1048576K
}
Event: 101655.222 GC heap before
{Heap before GC invocations=888 (full 0):
 garbage-first heap   total 49152K, used 35897K [0x0000000604000000, 0x0000000800000000)
  region size 4096K, 5 young (20480K), 1 survivors (4096K)
 Metaspace       used 45480K, committed 46144K, reserved 1114112K
  class space    used 5261K, committed 5568K, reserved 1048576K
}
Event: 101655.223 GC heap after
{Heap after GC invocations=889 (full 0):
 garbage-first heap   total 49152K, used 19481K [0x0000000604000000, 0x0000000800000000)
  region size 4096K, 1 young (4096K), 1 survivors (4096K)
 Metaspace       used 45480K, committed 46144K, reserved 1114112K
  class space    used 5261K, committed 5568K, reserved 1048576K
}
Event: 101769.510 GC heap before
{Heap before GC invocations=889 (full 0):
 garbage-first heap   total 49152K, used 35865K [0x0000000604000000, 0x0000000800000000)
  region size 4096K, 5 young (20480K), 1 survivors (4096K)
 Metaspace       used 45480K, committed 46144K, reserved 1114112K
  class space    used 5261K, committed 5568K, reserved 1048576K
}
Event: 101769.512 GC heap after
{Heap after GC invocations=890 (full 0):
 garbage-first heap   total 49152K, used 19485K [0x0000000604000000, 0x0000000800000000)
  region size 4096K, 1 young (4096K), 1 survivors (4096K)
 Metaspace       used 45480K, committed 46144K, reserved 1114112K
  class space    used 5261K, committed 5568K, reserved 1048576K
}
Event: 101883.778 GC heap before
{Heap before GC invocations=890 (full 0):
 garbage-first heap   total 49152K, used 35869K [0x0000000604000000, 0x0000000800000000)
  region size 4096K, 5 young (20480K), 1 survivors (4096K)
 Metaspace       used 45480K, committed 46144K, reserved 1114112K
  class space    used 5261K, committed 5568K, reserved 1048576K
}
Event: 101883.779 GC heap after
{Heap after GC invocations=891 (full 0):
 garbage-first heap   total 49152K, used 19489K [0x0000000604000000, 0x0000000800000000)
  region size 4096K, 1 young (4096K), 1 survivors (4096K)
 Metaspace       used 45480K, committed 46144K, reserved 1114112K
  class space    used 5261K, committed 5568K, reserved 1048576K
}

